<?xml version="1.0" encoding="utf-8"?><testsuites><testsuite name="pytest" errors="2" failures="0" skipped="0" tests="10" time="3.090" timestamp="2022-05-07T12:32:08.110085" hostname="dhcppc5"><testcase classname="tests.test_help" name="test_system_ssl" time="0.001" /><testcase classname="tests.test_help" name="test_idna_without_version_attribute" time="0.000"><error message="failed on setup with &quot;file /home/cala/Documents/assembly_exerc/requests/tests/test_help.py, line 14&#10;  def test_idna_without_version_attribute(mocker):&#10;E       fixture 'mocker' not found&#10;&gt;       available fixtures: cache, capfd, capfdbinary, caplog, capsys, capsysbinary, doctest_namespace, httpbin, httpbin_secure, monkeypatch, nosan_server, pytestconfig, record_property, record_testsuite_property, record_xml_attribute, recwarn, tmp_path, tmp_path_factory, tmpdir, tmpdir_factory&#10;&gt;       use 'pytest --fixtures [testpath]' for help on them.&#10;&#10;/home/cala/Documents/assembly_exerc/requests/tests/test_help.py:14&quot;">file /home/cala/Documents/assembly_exerc/requests/tests/test_help.py, line 14
  def test_idna_without_version_attribute(mocker):
E       fixture 'mocker' not found
&gt;       available fixtures: cache, capfd, capfdbinary, caplog, capsys, capsysbinary, doctest_namespace, httpbin, httpbin_secure, monkeypatch, nosan_server, pytestconfig, record_property, record_testsuite_property, record_xml_attribute, recwarn, tmp_path, tmp_path_factory, tmpdir, tmpdir_factory
&gt;       use 'pytest --fixtures [testpath]' for help on them.

/home/cala/Documents/assembly_exerc/requests/tests/test_help.py:14</error></testcase><testcase classname="tests.test_help" name="test_idna_with_version_attribute" time="0.000"><error message="failed on setup with &quot;file /home/cala/Documents/assembly_exerc/requests/tests/test_help.py, line 22&#10;  def test_idna_with_version_attribute(mocker):&#10;E       fixture 'mocker' not found&#10;&gt;       available fixtures: cache, capfd, capfdbinary, caplog, capsys, capsysbinary, doctest_namespace, httpbin, httpbin_secure, monkeypatch, nosan_server, pytestconfig, record_property, record_testsuite_property, record_xml_attribute, recwarn, tmp_path, tmp_path_factory, tmpdir, tmpdir_factory&#10;&gt;       use 'pytest --fixtures [testpath]' for help on them.&#10;&#10;/home/cala/Documents/assembly_exerc/requests/tests/test_help.py:22&quot;">file /home/cala/Documents/assembly_exerc/requests/tests/test_help.py, line 22
  def test_idna_with_version_attribute(mocker):
E       fixture 'mocker' not found
&gt;       available fixtures: cache, capfd, capfdbinary, caplog, capsys, capsysbinary, doctest_namespace, httpbin, httpbin_secure, monkeypatch, nosan_server, pytestconfig, record_property, record_testsuite_property, record_xml_attribute, recwarn, tmp_path, tmp_path_factory, tmpdir, tmpdir_factory
&gt;       use 'pytest --fixtures [testpath]' for help on them.

/home/cala/Documents/assembly_exerc/requests/tests/test_help.py:22</error></testcase><testcase classname="tests.test_hooks" name="test_hooks[hook-ata]" time="0.000" /><testcase classname="tests.test_hooks" name="test_hooks[hooks_list1-ta]" time="0.000" /><testcase classname="tests.test_hooks" name="test_default_hooks" time="0.000" /><testcase classname="tests.test_lowlevel" name="test_chunked_upload" time="0.505" /><testcase classname="tests.test_lowlevel" name="test_chunked_encoding_error" time="0.507" /><testcase classname="tests.test_lowlevel" name="test_chunked_upload_uses_only_specified_host_header" time="0.506" /><testcase classname="tests.test_lowlevel" name="test_chunked_upload_doesnt_skip_host_header" time="0.507" /><testcase time="0.000" /></testsuite></testsuites>